0 info it worked if it ends with ok
1 verbose cli [ 'node', '/usr/local/bin/npm', 'install', 'fs' ]
2 info using npm@1.4.3
3 info using node@v0.10.26
4 verbose readDependencies using package.json deps
5 verbose cache add [ 'fs', null ]
6 verbose cache add name=undefined spec="fs" args=["fs",null]
7 verbose parsed url { protocol: null,
7 verbose parsed url   slashes: null,
7 verbose parsed url   auth: null,
7 verbose parsed url   host: null,
7 verbose parsed url   port: null,
7 verbose parsed url   hostname: null,
7 verbose parsed url   hash: null,
7 verbose parsed url   search: null,
7 verbose parsed url   query: null,
7 verbose parsed url   pathname: 'fs',
7 verbose parsed url   path: 'fs',
7 verbose parsed url   href: 'fs' }
8 silly lockFile 3f4bb586-fs fs
9 verbose lock fs /Users/juanfer/.npm/3f4bb586-fs.lock
10 silly lockFile 3f4bb586-fs fs
11 silly lockFile 3f4bb586-fs fs
12 verbose addNamed [ 'fs', '' ]
13 verbose addNamed [ null, '*' ]
14 silly lockFile a107b96b-fs fs@
15 verbose lock fs@ /Users/juanfer/.npm/a107b96b-fs.lock
16 silly addNameRange { name: 'fs', range: '*', hasData: false }
17 verbose url raw fs
18 verbose url resolving [ 'https://registry.npmjs.org/', './fs' ]
19 verbose url resolved https://registry.npmjs.org/fs
20 info trying registry request attempt 1 at 13:05:28
21 verbose etag "1OSDV99VBWRHBCJ8QK1200EE7"
22 http GET https://registry.npmjs.org/fs
23 http 404 https://registry.npmjs.org/fs
24 silly registry.get cb [ 404,
24 silly registry.get   { date: 'Tue, 01 Jul 2014 11:05:30 GMT',
24 silly registry.get     server: 'CouchDB/1.5.0 (Erlang OTP/R16B03)',
24 silly registry.get     etag: '"1OSDV99VBWRHBCJ8QK1200EE7"',
24 silly registry.get     'content-type': 'application/json',
24 silly registry.get     'cache-control': 'max-age=0',
24 silly registry.get     'content-length': '397',
24 silly registry.get     'accept-ranges': 'bytes',
24 silly registry.get     via: '1.1 varnish',
24 silly registry.get     age: '0',
24 silly registry.get     'x-served-by': 'cache-fra1232-FRA',
24 silly registry.get     'x-cache': 'MISS',
24 silly registry.get     'x-cache-hits': '0',
24 silly registry.get     'x-timer': 'S1404212730.523682,VS0,VE174',
24 silly registry.get     vary: 'Accept',
24 silly registry.get     'keep-alive': 'timeout=10, max=50',
24 silly registry.get     connection: 'Keep-Alive' } ]
25 silly addNameRange number 2 { name: 'fs', range: '*', hasData: true }
26 silly addNameRange versions [ 'fs', [] ]
27 error TypeError: Cannot read property 'latest' of undefined
27 error     at next (/usr/local/lib/node_modules/npm/lib/cache.js:744:35)
27 error     at /usr/local/lib/node_modules/npm/lib/cache.js:732:5
27 error     at saved (/usr/local/lib/node_modules/npm/node_modules/npm-registry-client/lib/get.js:148:7)
27 error     at /usr/local/lib/node_modules/npm/node_modules/graceful-fs/polyfills.js:133:7
27 error     at Object.oncomplete (fs.js:107:15)
28 error If you need help, you may report this *entire* log,
28 error including the npm and node versions, at:
28 error     <http://github.com/npm/npm/issues>
29 error System Darwin 13.2.0
30 error command "node" "/usr/local/bin/npm" "install" "fs"
31 error cwd /Users/juanfer/WEB/HEROKU/contarVisitas
32 error node -v v0.10.26
33 error npm -v 1.4.3
34 error type non_object_property_load
35 verbose exit [ 1, true ]
